<?xml version="1.0" encoding="UTF-8"?>
<!-- Generated by org.testng.reporters.JUnitReportReporter -->
<testsuite hostname="MISHRA" failures="0" tests="1" name="Runner.RunnerIO" time="17.103" errors="0" timestamp="2023-04-29T13:03:11 IST" skipped="0">
  <testcase classname="Runner.RunnerIO" name="runScenario" time="17.103"/>
  <system-out>
    <![CDATA[validation pass]]>
  </system-out>
</testsuite> <!-- Runner.RunnerIO -->
